  assert.cpp
  des.cpp
C:\Users\henni\OneDrive\Dokumente\Projects\kryptografie_uebungen\Krypto_projekt\des.cpp(61,22): warning C4267: "Initialisierung": Konvertierung von "size_t" nach "int", Datenverlust möglich
C:\Users\henni\OneDrive\Dokumente\Projects\kryptografie_uebungen\Krypto_projekt\des.cpp(66,17): warning C4244: "+=": Konvertierung von "double" in "int", möglicher Datenverlust
  ellipticCurve.cpp
  faktorisierung.cpp
  gcd.cpp
C:\Users\henni\OneDrive\Dokumente\Projects\kryptografie_uebungen\Krypto_projekt\gcd.cpp(51,12): warning C4244: "=": Konvertierung von "double" in "int", möglicher Datenverlust
  hash.cpp
  main.cpp
  millerRabin.cpp
  rabin.cpp
  random.cpp
  rsa.cpp
C:\Users\henni\OneDrive\Dokumente\Projects\kryptografie_uebungen\Krypto_projekt\rsa.cpp(16,9): warning C4244: "return": Konvertierung von "__int64" in "int", möglicher Datenverlust
  squareAndMultiply.cpp
C:\Users\henni\OneDrive\Dokumente\Projects\kryptografie_uebungen\Krypto_projekt\squareAndMultiply.cpp(7,9): warning C4244: "return": Konvertierung von "__int64" in "int", möglicher Datenverlust
  test.cpp
  historic.cpp
  Code wird generiert...
  Krypto_projekt.vcxproj -> C:\Users\henni\OneDrive\Dokumente\Projects\kryptografie_uebungen\x64\Debug\Krypto_projekt.exe
